2025-07-15 15:01:04 [INFO]: ✅ Mongoose conectado a MongoDB en: localhost
2025-07-15 15:01:04 [INFO]: 🚀 MongoDB conectado correctamente
2025-07-15 15:01:04 [INFO]: Colecciones de MongoDB listas.
2025-07-15 15:01:04 [INFO]: La aplicación corre en el puerto: 3000
2025-07-15 15:01:04 [INFO]: Conexión establecida con la base de datos
2025-07-15 15:01:06 [INFO]: Base de Datos sincronizadas
2025-07-15 15:01:15 [INFO]: Conexión a la base de datos MySQL establecida correctamente.
2025-07-15 15:01:16 [INFO]: ✅ Mongoose conectado a MongoDB en: localhost
2025-07-15 15:01:16 [INFO]: 🚀 MongoDB conectado correctamente
2025-07-15 15:01:16 [INFO]: Colecciones de MongoDB listas.
2025-07-15 15:01:16 [INFO]: La aplicación corre en el puerto: 3000
2025-07-15 15:01:16 [INFO]: Conexión establecida con la base de datos
2025-07-15 15:01:18 [INFO]: Base de Datos sincronizadas
2025-07-15 15:01:31 [INFO]: Conexión a la base de datos MySQL establecida correctamente.
2025-07-15 15:01:31 [INFO]: ✅ Mongoose conectado a MongoDB en: localhost
2025-07-15 15:01:31 [INFO]: 🚀 MongoDB conectado correctamente
2025-07-15 15:01:31 [INFO]: Colecciones de MongoDB listas.
2025-07-15 15:01:31 [INFO]: La aplicación corre en el puerto: 3000
2025-07-15 15:01:31 [INFO]: Conexión establecida con la base de datos
2025-07-15 15:01:33 [INFO]: Base de Datos sincronizadas
2025-07-15 15:01:39 [INFO]: Conexión a la base de datos MySQL establecida correctamente.
2025-07-15 15:01:40 [INFO]: ✅ Mongoose conectado a MongoDB en: localhost
2025-07-15 15:01:40 [INFO]: 🚀 MongoDB conectado correctamente
2025-07-15 15:01:40 [INFO]: Conexión establecida con la base de datos
2025-07-15 15:01:40 [INFO]: Colecciones de MongoDB listas.
2025-07-15 15:01:40 [INFO]: La aplicación corre en el puerto: 3000
2025-07-15 15:01:42 [INFO]: Base de Datos sincronizadas
2025-07-15 15:04:11 [INFO]: Conexión a la base de datos MySQL establecida correctamente.
2025-07-15 15:04:11 [INFO]: ✅ Mongoose conectado a MongoDB en: localhost
2025-07-15 15:04:12 [INFO]: 🚀 MongoDB conectado correctamente
2025-07-15 15:04:12 [INFO]: Colecciones de MongoDB listas.
2025-07-15 15:04:12 [INFO]: La aplicación corre en el puerto: 3000
2025-07-15 15:04:12 [INFO]: Conexión establecida con la base de datos
2025-07-15 15:04:14 [INFO]: Base de Datos sincronizadas
2025-07-15 15:08:16 [INFO]: Conexión a la base de datos MySQL establecida correctamente.
2025-07-15 15:08:17 [INFO]: ✅ Conexión exitosa y establecida con MongoDB
2025-07-15 15:08:18 [INFO]: Colecciones de MongoDB listas.
2025-07-15 15:08:18 [INFO]: La aplicación corre en el puerto: 3000
2025-07-15 15:08:18 [INFO]: Conexión establecida con la base de datos
2025-07-15 15:08:21 [INFO]: Base de Datos sincronizadas
2025-07-15 15:09:33 [INFO]: Conexión a la base de datos MySQL establecida correctamente.
2025-07-15 15:09:34 [INFO]: ✅ Conexión exitosa y establecida con MongoDB
2025-07-15 15:09:34 [INFO]: Conexión establecida con la base de datos
2025-07-15 15:09:34 [INFO]: Colecciones de MongoDB listas.
2025-07-15 15:09:34 [INFO]: La aplicación corre en el puerto: 3000
2025-07-15 15:09:36 [INFO]: Base de Datos sincronizadas
2025-07-15 15:09:40 [INFO]: Conexión a la base de datos MySQL establecida correctamente.
2025-07-15 15:09:40 [INFO]: ✅ Conexión exitosa y establecida con MongoDB
2025-07-15 15:09:40 [INFO]: Colecciones de MongoDB listas.
2025-07-15 15:09:40 [INFO]: La aplicación corre en el puerto: 3000
2025-07-15 15:09:40 [INFO]: Conexión establecida con la base de datos
2025-07-15 15:09:47 [INFO]: Conexión a la base de datos MySQL establecida correctamente.
2025-07-15 15:09:48 [INFO]: ✅ Conexión exitosa y establecida con MongoDB
2025-07-15 15:09:48 [INFO]: Colecciones de MongoDB listas.
2025-07-15 15:09:48 [INFO]: La aplicación corre en el puerto: 3000
2025-07-15 15:09:48 [INFO]: Conexión establecida con la base de datos
2025-07-15 15:09:50 [INFO]: Base de Datos sincronizadas
2025-07-15 15:12:36 [INFO]: Conexión a la base de datos MySQL establecida correctamente.
2025-07-15 15:12:36 [INFO]: ✅ Conexión exitosa y establecida con MongoDB
2025-07-15 15:12:36 [INFO]: Colecciones de MongoDB listas.
2025-07-15 15:12:36 [INFO]: La aplicación corre en el puerto: 3000
2025-07-15 15:12:36 [INFO]: Conexión establecida con la base de datos
2025-07-15 15:13:16 [INFO]: Conexión a la base de datos MySQL establecida correctamente.
2025-07-15 15:13:16 [INFO]: Conexión a la base de datos MySQL establecida correctamente.
2025-07-15 15:13:17 [INFO]: ✅ Conexión exitosa y establecida con MongoDB
2025-07-15 15:13:17 [INFO]: ✅ Conexión exitosa y establecida con MongoDB
2025-07-15 15:13:17 [INFO]: Colecciones de MongoDB listas.
2025-07-15 15:13:17 [INFO]: Conexión establecida con la base de datos
2025-07-15 15:13:17 [INFO]: La aplicación corre en el puerto: 3000
2025-07-15 15:13:17 [INFO]: Conexión establecida con la base de datos
2025-07-15 15:13:19 [INFO]: Base de Datos sincronizadas
2025-07-15 15:15:00 [INFO]: Conexión a la base de datos MySQL establecida correctamente.
2025-07-15 15:15:00 [INFO]: Conexión a la base de datos MySQL establecida correctamente.
2025-07-15 15:15:01 [ERROR]: (node:2396) [MONGODB DRIVER] Warning: useNewUrlParser is a deprecated option: useNewUrlParser has no effect since Node.js Driver version 4.0.0 and will be removed in the next major version
(Use `node --trace-warnings ...` to show where the warning was created)
2025-07-15 15:15:01 [ERROR]: (node:2396) [MONGODB DRIVER] Warning: useUnifiedTopology is a deprecated option: useUnifiedTopology has no effect since Node.js Driver version 4.0.0 and will be removed in the next major version
2025-07-15 15:15:01 [INFO]: 🚀 MongoDB conectado correctamente
2025-07-15 15:15:01 [ERROR]: (node:3280) [MONGODB DRIVER] Warning: useNewUrlParser is a deprecated option: useNewUrlParser has no effect since Node.js Driver version 4.0.0 and will be removed in the next major version
(Use `node --trace-warnings ...` to show where the warning was created)
2025-07-15 15:15:01 [ERROR]: (node:3280) [MONGODB DRIVER] Warning: useUnifiedTopology is a deprecated option: useUnifiedTopology has no effect since Node.js Driver version 4.0.0 and will be removed in the next major version
2025-07-15 15:15:01 [INFO]: 🚀 MongoDB conectado correctamente
2025-07-15 15:15:01 [INFO]: ✅ Mongoose conectado a MongoDB en: localhost
2025-07-15 15:15:01 [INFO]: ✅ Mongoose conectado a MongoDB en: localhost
2025-07-15 15:15:01 [INFO]: 🚀 MongoDB conectado correctamente
2025-07-15 15:15:01 [INFO]: 🚀 MongoDB conectado correctamente
2025-07-15 15:15:01 [INFO]: Colecciones de MongoDB listas.
2025-07-15 15:15:01 [INFO]: Colecciones de MongoDB listas.
2025-07-15 15:15:01 [INFO]: La aplicación corre en el puerto: 3000
2025-07-15 15:15:01 [INFO]: Conexión establecida con la base de datos
2025-07-15 15:15:03 [INFO]: Base de Datos sincronizadas
2025-07-15 15:15:34 [INFO]: Conexión a la base de datos MySQL establecida correctamente.
2025-07-15 15:15:35 [ERROR]: (node:1884) [MONGODB DRIVER] Warning: useNewUrlParser is a deprecated option: useNewUrlParser has no effect since Node.js Driver version 4.0.0 and will be removed in the next major version
(Use `node --trace-warnings ...` to show where the warning was created)
2025-07-15 15:15:35 [ERROR]: (node:1884) [MONGODB DRIVER] Warning: useUnifiedTopology is a deprecated option: useUnifiedTopology has no effect since Node.js Driver version 4.0.0 and will be removed in the next major version
2025-07-15 15:15:35 [INFO]: ✅ Mongoose conectado a MongoDB en: localhost
2025-07-15 15:15:35 [INFO]: 🚀 MongoDB conectado correctamente
2025-07-15 15:15:35 [INFO]: Conexión a la base de datos MySQL establecida correctamente.
2025-07-15 15:15:35 [INFO]: Conexión establecida con la base de datos
2025-07-15 15:15:35 [INFO]: Colecciones de MongoDB listas.
2025-07-15 15:15:35 [ERROR]: (node:7232) [MONGODB DRIVER] Warning: useNewUrlParser is a deprecated option: useNewUrlParser has no effect since Node.js Driver version 4.0.0 and will be removed in the next major version
(Use `node --trace-warnings ...` to show where the warning was created)
2025-07-15 15:15:35 [ERROR]: (node:7232) [MONGODB DRIVER] Warning: useUnifiedTopology is a deprecated option: useUnifiedTopology has no effect since Node.js Driver version 4.0.0 and will be removed in the next major version
2025-07-15 15:15:35 [INFO]: ✅ Mongoose conectado a MongoDB en: localhost
2025-07-15 15:15:35 [INFO]: 🚀 MongoDB conectado correctamente
2025-07-15 15:15:35 [INFO]: La aplicación corre en el puerto: 3000
2025-07-15 15:15:36 [INFO]: Colecciones de MongoDB listas.
2025-07-15 15:15:38 [INFO]: Base de Datos sincronizadas
2025-07-15 15:16:28 [INFO]: Conexión a la base de datos MySQL establecida correctamente.
2025-07-15 15:16:28 [INFO]: Conexión a la base de datos MySQL establecida correctamente.
2025-07-15 15:16:29 [ERROR]: (node:13476) [MONGODB DRIVER] Warning: useNewUrlParser is a deprecated option: useNewUrlParser has no effect since Node.js Driver version 4.0.0 and will be removed in the next major version
(Use `node --trace-warnings ...` to show where the warning was created)
2025-07-15 15:16:29 [ERROR]: (node:13476) [MONGODB DRIVER] Warning: useUnifiedTopology is a deprecated option: useUnifiedTopology has no effect since Node.js Driver version 4.0.0 and will be removed in the next major version
2025-07-15 15:16:29 [ERROR]: (node:16200) [MONGODB DRIVER] Warning: useNewUrlParser is a deprecated option: useNewUrlParser has no effect since Node.js Driver version 4.0.0 and will be removed in the next major version
(Use `node --trace-warnings ...` to show where the warning was created)
2025-07-15 15:16:29 [ERROR]: (node:16200) [MONGODB DRIVER] Warning: useUnifiedTopology is a deprecated option: useUnifiedTopology has no effect since Node.js Driver version 4.0.0 and will be removed in the next major version
2025-07-15 15:16:29 [INFO]: ✅ Mongoose conectado a MongoDB en: localhost
2025-07-15 15:16:29 [INFO]: ✅ Mongoose conectado a MongoDB en: localhost
2025-07-15 15:16:29 [INFO]: 🚀 MongoDB conectado correctamente
2025-07-15 15:16:29 [INFO]: 🚀 MongoDB conectado correctamente
2025-07-15 15:16:29 [INFO]: Colecciones de MongoDB listas.
2025-07-15 15:16:29 [INFO]: Conexión establecida con la base de datos
2025-07-15 15:16:29 [INFO]: La aplicación corre en el puerto: 3000
2025-07-15 15:16:29 [INFO]: Conexión establecida con la base de datos
2025-07-15 15:16:32 [INFO]: Base de Datos sincronizadas
2025-07-15 15:17:21 [INFO]: ⚠️  Mongoose desconectado de MongoDB
2025-07-15 15:17:25 [INFO]: Conexión a la base de datos MySQL establecida correctamente.
2025-07-15 15:17:26 [ERROR]: (node:8920) [MONGODB DRIVER] Warning: useNewUrlParser is a deprecated option: useNewUrlParser has no effect since Node.js Driver version 4.0.0 and will be removed in the next major version
(Use `node --trace-warnings ...` to show where the warning was created)
2025-07-15 15:17:26 [ERROR]: (node:8920) [MONGODB DRIVER] Warning: useUnifiedTopology is a deprecated option: useUnifiedTopology has no effect since Node.js Driver version 4.0.0 and will be removed in the next major version
2025-07-15 15:17:26 [INFO]: ✅ Mongoose conectado a MongoDB en: localhost
2025-07-15 15:17:26 [INFO]: 🚀 MongoDB conectado correctamente
2025-07-15 15:17:26 [INFO]: Colecciones de MongoDB listas.
2025-07-15 15:17:26 [INFO]: La aplicación corre en el puerto: 3000
2025-07-15 15:17:26 [INFO]: Conexión establecida con la base de datos
2025-07-15 15:17:28 [INFO]: Base de Datos sincronizadas
2025-07-15 15:17:50 [INFO]: Conexión a la base de datos MySQL establecida correctamente.
2025-07-15 15:17:50 [ERROR]: (node:16928) [MONGODB DRIVER] Warning: useNewUrlParser is a deprecated option: useNewUrlParser has no effect since Node.js Driver version 4.0.0 and will be removed in the next major version
(Use `node --trace-warnings ...` to show where the warning was created)
2025-07-15 15:17:50 [ERROR]: (node:16928) [MONGODB DRIVER] Warning: useUnifiedTopology is a deprecated option: useUnifiedTopology has no effect since Node.js Driver version 4.0.0 and will be removed in the next major version
2025-07-15 15:17:50 [INFO]: ✅ Mongoose conectado a MongoDB en: localhost
2025-07-15 15:17:50 [INFO]: 🚀 MongoDB conectado correctamente
2025-07-15 15:17:51 [INFO]: Colecciones de MongoDB listas.
2025-07-15 15:17:51 [INFO]: La aplicación corre en el puerto: 3000
2025-07-15 15:17:51 [INFO]: Conexión establecida con la base de datos
2025-07-15 15:17:53 [INFO]: Base de Datos sincronizadas
2025-07-15 15:18:17 [INFO]: Conexión a la base de datos MySQL establecida correctamente.
2025-07-15 15:18:18 [INFO]: ✅ Mongoose conectado a MongoDB en: localhost
2025-07-15 15:18:18 [INFO]: 🚀 MongoDB conectado correctamente
2025-07-15 15:18:18 [INFO]: Conexión establecida con la base de datos
2025-07-15 15:18:18 [INFO]: Colecciones de MongoDB listas.
2025-07-15 15:18:18 [INFO]: La aplicación corre en el puerto: 3000
2025-07-15 15:18:20 [INFO]: Base de Datos sincronizadas
2025-07-15 15:20:34 [INFO]: Conexión a la base de datos MySQL establecida correctamente.
2025-07-15 15:20:35 [INFO]: ✅ Mongoose conectado a MongoDB en: localhost
2025-07-15 15:20:35 [INFO]: 🚀 MongoDB conectado correctamente
2025-07-15 15:20:35 [INFO]: Conexión establecida con la base de datos
2025-07-15 15:20:35 [INFO]: Colecciones de MongoDB listas.
2025-07-15 15:20:35 [INFO]: La aplicación corre en el puerto: 3000
2025-07-15 15:20:37 [INFO]: Base de Datos sincronizadas
2025-07-15 15:20:39 [INFO]: Conexión a la base de datos MySQL establecida correctamente.
2025-07-15 15:20:39 [INFO]: ✅ Mongoose conectado a MongoDB en: localhost
2025-07-15 15:20:39 [INFO]: 🚀 MongoDB conectado correctamente
2025-07-15 15:20:39 [INFO]: Conexión establecida con la base de datos
2025-07-15 15:20:39 [INFO]: Colecciones de MongoDB listas.
2025-07-15 15:20:39 [INFO]: La aplicación corre en el puerto: 3000
2025-07-15 15:20:42 [INFO]: Base de Datos sincronizadas
